The system is: Linux - 4.4.0-116-generic - x86_64
Compiling the C compiler identification source file "CMakeCCompilerId.c" succeeded.
Compiler: /usr/bin/clang-5.0 
Build flags: -fPIC
Id flags: 

The output was:
0


Compilation of the C compiler identification source "CMakeCCompilerId.c" produced "a.out"

The C compiler identification is Clang, found in "/root/packages/x265_3.2/source/CMakeFiles/3.5.1/CompilerIdC/a.out"

Compiling the CXX compiler identification source file "CMakeCXXCompilerId.cpp" succeeded.
Compiler: /usr/bin/clang++-5.0 
Build flags: -fPIC
Id flags: 

The output was:
0


Compilation of the CXX compiler identification source "CMakeCXXCompilerId.cpp" produced "a.out"

The CXX compiler identification is Clang, found in "/root/packages/x265_3.2/source/CMakeFiles/3.5.1/CompilerIdCXX/a.out"

Determining if the C compiler works passed with the following output:
Change Dir: /root/packages/x265_3.2/source/CMakeFiles/CMakeTmp

Run Build Command:"/usr/bin/make" "cmTC_c1ae6/fast"
/usr/bin/make -f CMakeFiles/cmTC_c1ae6.dir/build.make CMakeFiles/cmTC_c1ae6.dir/build
make[1]: Entering directory '/root/packages/x265_3.2/source/CMakeFiles/CMakeTmp'
Building C object CMakeFiles/cmTC_c1ae6.dir/testCCompiler.c.o
/usr/bin/clang-5.0    -fPIC    -o CMakeFiles/cmTC_c1ae6.dir/testCCompiler.c.o   -c /root/packages/x265_3.2/source/CMakeFiles/CMakeTmp/testCCompiler.c
Linking C executable cmTC_c1ae6
/usr/bin/cmake -E cmake_link_script CMakeFiles/cmTC_c1ae6.dir/link.txt --verbose=1
/usr/bin/clang-5.0  -fPIC     CMakeFiles/cmTC_c1ae6.dir/testCCompiler.c.o  -o cmTC_c1ae6 -rdynamic 
make[1]: Leaving directory '/root/packages/x265_3.2/source/CMakeFiles/CMakeTmp'


Detecting C compiler ABI info compiled with the following output:
Change Dir: /root/packages/x265_3.2/source/CMakeFiles/CMakeTmp

Run Build Command:"/usr/bin/make" "cmTC_6f30c/fast"
/usr/bin/make -f CMakeFiles/cmTC_6f30c.dir/build.make CMakeFiles/cmTC_6f30c.dir/build
make[1]: Entering directory '/root/packages/x265_3.2/source/CMakeFiles/CMakeTmp'
Building C object CMakeFiles/cmTC_6f30c.dir/CMakeCCompilerABI.c.o
/usr/bin/clang-5.0    -fPIC    -o CMakeFiles/cmTC_6f30c.dir/CMakeCCompilerABI.c.o   -c /usr/share/cmake-3.5/Modules/CMakeCCompilerABI.c
Linking C executable cmTC_6f30c
/usr/bin/cmake -E cmake_link_script CMakeFiles/cmTC_6f30c.dir/link.txt --verbose=1
/usr/bin/clang-5.0  -fPIC    -v CMakeFiles/cmTC_6f30c.dir/CMakeCCompilerABI.c.o  -o cmTC_6f30c -rdynamic  
clang version 5.0.0-3~16.04.1 (tags/RELEASE_500/final)
Target: x86_64-pc-linux-gnu
Thread model: posix
InstalledDir: /usr/bin
Found candidate GCC installation: /usr/bin/../lib/gcc/x86_64-linux-gnu/4.8
Found candidate GCC installation: /usr/bin/../lib/gcc/x86_64-linux-gnu/4.8.4
Found candidate GCC installation: /usr/bin/../lib/gcc/x86_64-linux-gnu/5
Found candidate GCC installation: /usr/bin/../lib/gcc/x86_64-linux-gnu/5.4.0
Found candidate GCC installation: /usr/bin/../lib/gcc/x86_64-linux-gnu/6
Found candidate GCC installation: /usr/bin/../lib/gcc/x86_64-linux-gnu/6.0.0
Found candidate GCC installation: /usr/lib/gcc/x86_64-linux-gnu/4.8
Found candidate GCC installation: /usr/lib/gcc/x86_64-linux-gnu/4.8.4
Found candidate GCC installation: /usr/lib/gcc/x86_64-linux-gnu/5
Found candidate GCC installation: /usr/lib/gcc/x86_64-linux-gnu/5.4.0
Found candidate GCC installation: /usr/lib/gcc/x86_64-linux-gnu/6
Found candidate GCC installation: /usr/lib/gcc/x86_64-linux-gnu/6.0.0
Selected GCC installation: /usr/bin/../lib/gcc/x86_64-linux-gnu/5.4.0
Candidate multilib: .;@m64
Selected multilib: .;@m64
 "/usr/bin/ld" -export-dynamic -z relro --hash-style=gnu --eh-frame-hdr -m elf_x86_64 -export-dynamic -dynamic-linker /lib64/ld-linux-x86-64.so.2 -o cmTC_6f30c /usr/bin/../lib/gcc/x86_64-linux-gnu/5.4.0/../../../x86_64-linux-gnu/crt1.o /usr/bin/../lib/gcc/x86_64-linux-gnu/5.4.0/../../../x86_64-linux-gnu/crti.o /usr/bin/../lib/gcc/x86_64-linux-gnu/5.4.0/crtbegin.o -L/usr/bin/../lib/gcc/x86_64-linux-gnu/5.4.0 -L/usr/bin/../lib/gcc/x86_64-linux-gnu/5.4.0/../../../x86_64-linux-gnu -L/lib/x86_64-linux-gnu -L/lib/../lib64 -L/usr/lib/x86_64-linux-gnu -L/usr/bin/../lib/gcc/x86_64-linux-gnu/5.4.0/../../.. -L/usr/lib/llvm-5.0/bin/../lib -L/lib -L/usr/lib CMakeFiles/cmTC_6f30c.dir/CMakeCCompilerABI.c.o -lgcc --as-needed -lgcc_s --no-as-needed -lc -lgcc --as-needed -lgcc_s --no-as-needed /usr/bin/../lib/gcc/x86_64-linux-gnu/5.4.0/crtend.o /usr/bin/../lib/gcc/x86_64-linux-gnu/5.4.0/../../../x86_64-linux-gnu/crtn.o
make[1]: Leaving directory '/root/packages/x265_3.2/source/CMakeFiles/CMakeTmp'


Parsed C implicit link information from above output:
  link line regex: [^( *|.*[/\])(ld|([^/\]+-)?ld|collect2)[^/\]*( |$)]
  ignore line: [Change Dir: /root/packages/x265_3.2/source/CMakeFiles/CMakeTmp]
  ignore line: []
  ignore line: [Run Build Command:"/usr/bin/make" "cmTC_6f30c/fast"]
  ignore line: [/usr/bin/make -f CMakeFiles/cmTC_6f30c.dir/build.make CMakeFiles/cmTC_6f30c.dir/build]
  ignore line: [make[1]: Entering directory '/root/packages/x265_3.2/source/CMakeFiles/CMakeTmp']
  ignore line: [Building C object CMakeFiles/cmTC_6f30c.dir/CMakeCCompilerABI.c.o]
  ignore line: [/usr/bin/clang-5.0    -fPIC    -o CMakeFiles/cmTC_6f30c.dir/CMakeCCompilerABI.c.o   -c /usr/share/cmake-3.5/Modules/CMakeCCompilerABI.c]
  ignore line: [Linking C executable cmTC_6f30c]
  ignore line: [/usr/bin/cmake -E cmake_link_script CMakeFiles/cmTC_6f30c.dir/link.txt --verbose=1]
  ignore line: [/usr/bin/clang-5.0  -fPIC    -v CMakeFiles/cmTC_6f30c.dir/CMakeCCompilerABI.c.o  -o cmTC_6f30c -rdynamic  ]
  ignore line: [clang version 5.0.0-3~16.04.1 (tags/RELEASE_500/final)]
  ignore line: [Target: x86_64-pc-linux-gnu]
  ignore line: [Thread model: posix]
  ignore line: [InstalledDir: /usr/bin]
  ignore line: [Found candidate GCC installation: /usr/bin/../lib/gcc/x86_64-linux-gnu/4.8]
  ignore line: [Found candidate GCC installation: /usr/bin/../lib/gcc/x86_64-linux-gnu/4.8.4]
  ignore line: [Found candidate GCC installation: /usr/bin/../lib/gcc/x86_64-linux-gnu/5]
  ignore line: [Found candidate GCC installation: /usr/bin/../lib/gcc/x86_64-linux-gnu/5.4.0]
  ignore line: [Found candidate GCC installation: /usr/bin/../lib/gcc/x86_64-linux-gnu/6]
  ignore line: [Found candidate GCC installation: /usr/bin/../lib/gcc/x86_64-linux-gnu/6.0.0]
  ignore line: [Found candidate GCC installation: /usr/lib/gcc/x86_64-linux-gnu/4.8]
  ignore line: [Found candidate GCC installation: /usr/lib/gcc/x86_64-linux-gnu/4.8.4]
  ignore line: [Found candidate GCC installation: /usr/lib/gcc/x86_64-linux-gnu/5]
  ignore line: [Found candidate GCC installation: /usr/lib/gcc/x86_64-linux-gnu/5.4.0]
  ignore line: [Found candidate GCC installation: /usr/lib/gcc/x86_64-linux-gnu/6]
  ignore line: [Found candidate GCC installation: /usr/lib/gcc/x86_64-linux-gnu/6.0.0]
  ignore line: [Selected GCC installation: /usr/bin/../lib/gcc/x86_64-linux-gnu/5.4.0]
  ignore line: [Candidate multilib: .]
  ignore line: [@m64]
  ignore line: [Selected multilib: .]
  ignore line: [@m64]
  link line: [ "/usr/bin/ld" -export-dynamic -z relro --hash-style=gnu --eh-frame-hdr -m elf_x86_64 -export-dynamic -dynamic-linker /lib64/ld-linux-x86-64.so.2 -o cmTC_6f30c /usr/bin/../lib/gcc/x86_64-linux-gnu/5.4.0/../../../x86_64-linux-gnu/crt1.o /usr/bin/../lib/gcc/x86_64-linux-gnu/5.4.0/../../../x86_64-linux-gnu/crti.o /usr/bin/../lib/gcc/x86_64-linux-gnu/5.4.0/crtbegin.o -L/usr/bin/../lib/gcc/x86_64-linux-gnu/5.4.0 -L/usr/bin/../lib/gcc/x86_64-linux-gnu/5.4.0/../../../x86_64-linux-gnu -L/lib/x86_64-linux-gnu -L/lib/../lib64 -L/usr/lib/x86_64-linux-gnu -L/usr/bin/../lib/gcc/x86_64-linux-gnu/5.4.0/../../.. -L/usr/lib/llvm-5.0/bin/../lib -L/lib -L/usr/lib CMakeFiles/cmTC_6f30c.dir/CMakeCCompilerABI.c.o -lgcc --as-needed -lgcc_s --no-as-needed -lc -lgcc --as-needed -lgcc_s --no-as-needed /usr/bin/../lib/gcc/x86_64-linux-gnu/5.4.0/crtend.o /usr/bin/../lib/gcc/x86_64-linux-gnu/5.4.0/../../../x86_64-linux-gnu/crtn.o]
    arg [/usr/bin/ld] ==> ignore
    arg [-export-dynamic] ==> ignore
    arg [-zrelro] ==> ignore
    arg [--hash-style=gnu] ==> ignore
    arg [--eh-frame-hdr] ==> ignore
    arg [-m] ==> ignore
    arg [elf_x86_64] ==> ignore
    arg [-export-dynamic] ==> ignore
    arg [-dynamic-linker] ==> ignore
    arg [/lib64/ld-linux-x86-64.so.2] ==> ignore
    arg [-o] ==> ignore
    arg [cmTC_6f30c] ==> ignore
    arg [/usr/bin/../lib/gcc/x86_64-linux-gnu/5.4.0/../../../x86_64-linux-gnu/crt1.o] ==> ignore
    arg [/usr/bin/../lib/gcc/x86_64-linux-gnu/5.4.0/../../../x86_64-linux-gnu/crti.o] ==> ignore
    arg [/usr/bin/../lib/gcc/x86_64-linux-gnu/5.4.0/crtbegin.o] ==> ignore
    arg [-L/usr/bin/../lib/gcc/x86_64-linux-gnu/5.4.0] ==> dir [/usr/bin/../lib/gcc/x86_64-linux-gnu/5.4.0]
    arg [-L/usr/bin/../lib/gcc/x86_64-linux-gnu/5.4.0/../../../x86_64-linux-gnu] ==> dir [/usr/bin/../lib/gcc/x86_64-linux-gnu/5.4.0/../../../x86_64-linux-gnu]
    arg [-L/lib/x86_64-linux-gnu] ==> dir [/lib/x86_64-linux-gnu]
    arg [-L/lib/../lib64] ==> dir [/lib/../lib64]
    arg [-L/usr/lib/x86_64-linux-gnu] ==> dir [/usr/lib/x86_64-linux-gnu]
    arg [-L/usr/bin/../lib/gcc/x86_64-linux-gnu/5.4.0/../../..] ==> dir [/usr/bin/../lib/gcc/x86_64-linux-gnu/5.4.0/../../..]
    arg [-L/usr/lib/llvm-5.0/bin/../lib] ==> dir [/usr/lib/llvm-5.0/bin/../lib]
    arg [-L/lib] ==> dir [/lib]
    arg [-L/usr/lib] ==> dir [/usr/lib]
    arg [CMakeFiles/cmTC_6f30c.dir/CMakeCCompilerABI.c.o] ==> ignore
    arg [-lgcc] ==> lib [gcc]
    arg [--as-needed] ==> ignore
    arg [-lgcc_s] ==> lib [gcc_s]
    arg [--no-as-needed] ==> ignore
    arg [-lc] ==> lib [c]
    arg [-lgcc] ==> lib [gcc]
    arg [--as-needed] ==> ignore
    arg [-lgcc_s] ==> lib [gcc_s]
    arg [--no-as-needed] ==> ignore
    arg [/usr/bin/../lib/gcc/x86_64-linux-gnu/5.4.0/crtend.o] ==> ignore
    arg [/usr/bin/../lib/gcc/x86_64-linux-gnu/5.4.0/../../../x86_64-linux-gnu/crtn.o] ==> ignore
  remove lib [gcc]
  remove lib [gcc_s]
  remove lib [gcc]
  remove lib [gcc_s]
  collapse library dir [/usr/bin/../lib/gcc/x86_64-linux-gnu/5.4.0] ==> [/usr/lib/gcc/x86_64-linux-gnu/5.4.0]
  collapse library dir [/usr/bin/../lib/gcc/x86_64-linux-gnu/5.4.0/../../../x86_64-linux-gnu] ==> [/usr/lib/x86_64-linux-gnu]
  collapse library dir [/lib/x86_64-linux-gnu] ==> [/lib/x86_64-linux-gnu]
  collapse library dir [/lib/../lib64] ==> [/lib64]
  collapse library dir [/usr/lib/x86_64-linux-gnu] ==> [/usr/lib/x86_64-linux-gnu]
  collapse library dir [/usr/bin/../lib/gcc/x86_64-linux-gnu/5.4.0/../../..] ==> [/usr/lib]
  collapse library dir [/usr/lib/llvm-5.0/bin/../lib] ==> [/usr/lib/llvm-5.0/lib]
  collapse library dir [/lib] ==> [/lib]
  collapse library dir [/usr/lib] ==> [/usr/lib]
  implicit libs: [c]
  implicit dirs: [/usr/lib/gcc/x86_64-linux-gnu/5.4.0;/usr/lib/x86_64-linux-gnu;/lib/x86_64-linux-gnu;/lib64;/usr/lib;/usr/lib/llvm-5.0/lib;/lib]
  implicit fwks: []




Detecting C [-std=c11] compiler features compiled with the following output:
Change Dir: /root/packages/x265_3.2/source/CMakeFiles/CMakeTmp

Run Build Command:"/usr/bin/make" "cmTC_626b7/fast"
/usr/bin/make -f CMakeFiles/cmTC_626b7.dir/build.make CMakeFiles/cmTC_626b7.dir/build
make[1]: Entering directory '/root/packages/x265_3.2/source/CMakeFiles/CMakeTmp'
Building C object CMakeFiles/cmTC_626b7.dir/feature_tests.c.o
/usr/bin/clang-5.0    -fPIC    -std=c11 -o CMakeFiles/cmTC_626b7.dir/feature_tests.c.o   -c /root/packages/x265_3.2/source/CMakeFiles/feature_tests.c
Linking C executable cmTC_626b7
/usr/bin/cmake -E cmake_link_script CMakeFiles/cmTC_626b7.dir/link.txt --verbose=1
/usr/bin/clang-5.0  -fPIC     CMakeFiles/cmTC_626b7.dir/feature_tests.c.o  -o cmTC_626b7 -rdynamic 
make[1]: Leaving directory '/root/packages/x265_3.2/source/CMakeFiles/CMakeTmp'


    Feature record: C_FEATURE:1c_function_prototypes
    Feature record: C_FEATURE:1c_restrict
    Feature record: C_FEATURE:1c_static_assert
    Feature record: C_FEATURE:1c_variadic_macros


Detecting C [-std=c99] compiler features compiled with the following output:
Change Dir: /root/packages/x265_3.2/source/CMakeFiles/CMakeTmp

Run Build Command:"/usr/bin/make" "cmTC_02ce9/fast"
/usr/bin/make -f CMakeFiles/cmTC_02ce9.dir/build.make CMakeFiles/cmTC_02ce9.dir/build
make[1]: Entering directory '/root/packages/x265_3.2/source/CMakeFiles/CMakeTmp'
Building C object CMakeFiles/cmTC_02ce9.dir/feature_tests.c.o
/usr/bin/clang-5.0    -fPIC    -std=c99 -o CMakeFiles/cmTC_02ce9.dir/feature_tests.c.o   -c /root/packages/x265_3.2/source/CMakeFiles/feature_tests.c
Linking C executable cmTC_02ce9
/usr/bin/cmake -E cmake_link_script CMakeFiles/cmTC_02ce9.dir/link.txt --verbose=1
/usr/bin/clang-5.0  -fPIC     CMakeFiles/cmTC_02ce9.dir/feature_tests.c.o  -o cmTC_02ce9 -rdynamic 
make[1]: Leaving directory '/root/packages/x265_3.2/source/CMakeFiles/CMakeTmp'


    Feature record: C_FEATURE:1c_function_prototypes
    Feature record: C_FEATURE:1c_restrict
    Feature record: C_FEATURE:0c_static_assert
    Feature record: C_FEATURE:1c_variadic_macros


Detecting C [-std=c90] compiler features compiled with the following output:
Change Dir: /root/packages/x265_3.2/source/CMakeFiles/CMakeTmp

Run Build Command:"/usr/bin/make" "cmTC_79b5c/fast"
/usr/bin/make -f CMakeFiles/cmTC_79b5c.dir/build.make CMakeFiles/cmTC_79b5c.dir/build
make[1]: Entering directory '/root/packages/x265_3.2/source/CMakeFiles/CMakeTmp'
Building C object CMakeFiles/cmTC_79b5c.dir/feature_tests.c.o
/usr/bin/clang-5.0    -fPIC    -std=c90 -o CMakeFiles/cmTC_79b5c.dir/feature_tests.c.o   -c /root/packages/x265_3.2/source/CMakeFiles/feature_tests.c
Linking C executable cmTC_79b5c
/usr/bin/cmake -E cmake_link_script CMakeFiles/cmTC_79b5c.dir/link.txt --verbose=1
/usr/bin/clang-5.0  -fPIC     CMakeFiles/cmTC_79b5c.dir/feature_tests.c.o  -o cmTC_79b5c -rdynamic 
make[1]: Leaving directory '/root/packages/x265_3.2/source/CMakeFiles/CMakeTmp'


    Feature record: C_FEATURE:1c_function_prototypes
    Feature record: C_FEATURE:0c_restrict
    Feature record: C_FEATURE:0c_static_assert
    Feature record: C_FEATURE:0c_variadic_macros
Determining if the CXX compiler works passed with the following output:
Change Dir: /root/packages/x265_3.2/source/CMakeFiles/CMakeTmp

Run Build Command:"/usr/bin/make" "cmTC_7a999/fast"
/usr/bin/make -f CMakeFiles/cmTC_7a999.dir/build.make CMakeFiles/cmTC_7a999.dir/build
make[1]: Entering directory '/root/packages/x265_3.2/source/CMakeFiles/CMakeTmp'
Building CXX object CMakeFiles/cmTC_7a999.dir/testCXXCompiler.cxx.o
/usr/bin/clang++-5.0     -fPIC    -o CMakeFiles/cmTC_7a999.dir/testCXXCompiler.cxx.o -c /root/packages/x265_3.2/source/CMakeFiles/CMakeTmp/testCXXCompiler.cxx
Linking CXX executable cmTC_7a999
/usr/bin/cmake -E cmake_link_script CMakeFiles/cmTC_7a999.dir/link.txt --verbose=1
/usr/bin/clang++-5.0   -fPIC     CMakeFiles/cmTC_7a999.dir/testCXXCompiler.cxx.o  -o cmTC_7a999 -rdynamic 
make[1]: Leaving directory '/root/packages/x265_3.2/source/CMakeFiles/CMakeTmp'


Detecting CXX compiler ABI info compiled with the following output:
Change Dir: /root/packages/x265_3.2/source/CMakeFiles/CMakeTmp

Run Build Command:"/usr/bin/make" "cmTC_9d931/fast"
/usr/bin/make -f CMakeFiles/cmTC_9d931.dir/build.make CMakeFiles/cmTC_9d931.dir/build
make[1]: Entering directory '/root/packages/x265_3.2/source/CMakeFiles/CMakeTmp'
Building CXX object CMakeFiles/cmTC_9d931.dir/CMakeCXXCompilerABI.cpp.o
/usr/bin/clang++-5.0     -fPIC    -o CMakeFiles/cmTC_9d931.dir/CMakeCXXCompilerABI.cpp.o -c /usr/share/cmake-3.5/Modules/CMakeCXXCompilerABI.cpp
Linking CXX executable cmTC_9d931
/usr/bin/cmake -E cmake_link_script CMakeFiles/cmTC_9d931.dir/link.txt --verbose=1
/usr/bin/clang++-5.0   -fPIC    -v CMakeFiles/cmTC_9d931.dir/CMakeCXXCompilerABI.cpp.o  -o cmTC_9d931 -rdynamic  
clang version 5.0.0-3~16.04.1 (tags/RELEASE_500/final)
Target: x86_64-pc-linux-gnu
Thread model: posix
InstalledDir: /usr/bin
Found candidate GCC installation: /usr/bin/../lib/gcc/x86_64-linux-gnu/4.8
Found candidate GCC installation: /usr/bin/../lib/gcc/x86_64-linux-gnu/4.8.4
Found candidate GCC installation: /usr/bin/../lib/gcc/x86_64-linux-gnu/5
Found candidate GCC installation: /usr/bin/../lib/gcc/x86_64-linux-gnu/5.4.0
Found candidate GCC installation: /usr/bin/../lib/gcc/x86_64-linux-gnu/6
Found candidate GCC installation: /usr/bin/../lib/gcc/x86_64-linux-gnu/6.0.0
Found candidate GCC installation: /usr/lib/gcc/x86_64-linux-gnu/4.8
Found candidate GCC installation: /usr/lib/gcc/x86_64-linux-gnu/4.8.4
Found candidate GCC installation: /usr/lib/gcc/x86_64-linux-gnu/5
Found candidate GCC installation: /usr/lib/gcc/x86_64-linux-gnu/5.4.0
Found candidate GCC installation: /usr/lib/gcc/x86_64-linux-gnu/6
Found candidate GCC installation: /usr/lib/gcc/x86_64-linux-gnu/6.0.0
Selected GCC installation: /usr/bin/../lib/gcc/x86_64-linux-gnu/5.4.0
Candidate multilib: .;@m64
Selected multilib: .;@m64
 "/usr/bin/ld" -export-dynamic -z relro --hash-style=gnu --eh-frame-hdr -m elf_x86_64 -export-dynamic -dynamic-linker /lib64/ld-linux-x86-64.so.2 -o cmTC_9d931 /usr/bin/../lib/gcc/x86_64-linux-gnu/5.4.0/../../../x86_64-linux-gnu/crt1.o /usr/bin/../lib/gcc/x86_64-linux-gnu/5.4.0/../../../x86_64-linux-gnu/crti.o /usr/bin/../lib/gcc/x86_64-linux-gnu/5.4.0/crtbegin.o -L/usr/bin/../lib/gcc/x86_64-linux-gnu/5.4.0 -L/usr/bin/../lib/gcc/x86_64-linux-gnu/5.4.0/../../../x86_64-linux-gnu -L/lib/x86_64-linux-gnu -L/lib/../lib64 -L/usr/lib/x86_64-linux-gnu -L/usr/bin/../lib/gcc/x86_64-linux-gnu/5.4.0/../../.. -L/usr/lib/llvm-5.0/bin/../lib -L/lib -L/usr/lib CMakeFiles/cmTC_9d931.dir/CMakeCXXCompilerABI.cpp.o -lstdc++ -lm -lgcc_s -lgcc -lc -lgcc_s -lgcc /usr/bin/../lib/gcc/x86_64-linux-gnu/5.4.0/crtend.o /usr/bin/../lib/gcc/x86_64-linux-gnu/5.4.0/../../../x86_64-linux-gnu/crtn.o
make[1]: Leaving directory '/root/packages/x265_3.2/source/CMakeFiles/CMakeTmp'


Parsed CXX implicit link information from above output:
  link line regex: [^( *|.*[/\])(ld|([^/\]+-)?ld|collect2)[^/\]*( |$)]
  ignore line: [Change Dir: /root/packages/x265_3.2/source/CMakeFiles/CMakeTmp]
  ignore line: []
  ignore line: [Run Build Command:"/usr/bin/make" "cmTC_9d931/fast"]
  ignore line: [/usr/bin/make -f CMakeFiles/cmTC_9d931.dir/build.make CMakeFiles/cmTC_9d931.dir/build]
  ignore line: [make[1]: Entering directory '/root/packages/x265_3.2/source/CMakeFiles/CMakeTmp']
  ignore line: [Building CXX object CMakeFiles/cmTC_9d931.dir/CMakeCXXCompilerABI.cpp.o]
  ignore line: [/usr/bin/clang++-5.0     -fPIC    -o CMakeFiles/cmTC_9d931.dir/CMakeCXXCompilerABI.cpp.o -c /usr/share/cmake-3.5/Modules/CMakeCXXCompilerABI.cpp]
  ignore line: [Linking CXX executable cmTC_9d931]
  ignore line: [/usr/bin/cmake -E cmake_link_script CMakeFiles/cmTC_9d931.dir/link.txt --verbose=1]
  ignore line: [/usr/bin/clang++-5.0   -fPIC    -v CMakeFiles/cmTC_9d931.dir/CMakeCXXCompilerABI.cpp.o  -o cmTC_9d931 -rdynamic  ]
  ignore line: [clang version 5.0.0-3~16.04.1 (tags/RELEASE_500/final)]
  ignore line: [Target: x86_64-pc-linux-gnu]
  ignore line: [Thread model: posix]
  ignore line: [InstalledDir: /usr/bin]
  ignore line: [Found candidate GCC installation: /usr/bin/../lib/gcc/x86_64-linux-gnu/4.8]
  ignore line: [Found candidate GCC installation: /usr/bin/../lib/gcc/x86_64-linux-gnu/4.8.4]
  ignore line: [Found candidate GCC installation: /usr/bin/../lib/gcc/x86_64-linux-gnu/5]
  ignore line: [Found candidate GCC installation: /usr/bin/../lib/gcc/x86_64-linux-gnu/5.4.0]
  ignore line: [Found candidate GCC installation: /usr/bin/../lib/gcc/x86_64-linux-gnu/6]
  ignore line: [Found candidate GCC installation: /usr/bin/../lib/gcc/x86_64-linux-gnu/6.0.0]
  ignore line: [Found candidate GCC installation: /usr/lib/gcc/x86_64-linux-gnu/4.8]
  ignore line: [Found candidate GCC installation: /usr/lib/gcc/x86_64-linux-gnu/4.8.4]
  ignore line: [Found candidate GCC installation: /usr/lib/gcc/x86_64-linux-gnu/5]
  ignore line: [Found candidate GCC installation: /usr/lib/gcc/x86_64-linux-gnu/5.4.0]
  ignore line: [Found candidate GCC installation: /usr/lib/gcc/x86_64-linux-gnu/6]
  ignore line: [Found candidate GCC installation: /usr/lib/gcc/x86_64-linux-gnu/6.0.0]
  ignore line: [Selected GCC installation: /usr/bin/../lib/gcc/x86_64-linux-gnu/5.4.0]
  ignore line: [Candidate multilib: .]
  ignore line: [@m64]
  ignore line: [Selected multilib: .]
  ignore line: [@m64]
  link line: [ "/usr/bin/ld" -export-dynamic -z relro --hash-style=gnu --eh-frame-hdr -m elf_x86_64 -export-dynamic -dynamic-linker /lib64/ld-linux-x86-64.so.2 -o cmTC_9d931 /usr/bin/../lib/gcc/x86_64-linux-gnu/5.4.0/../../../x86_64-linux-gnu/crt1.o /usr/bin/../lib/gcc/x86_64-linux-gnu/5.4.0/../../../x86_64-linux-gnu/crti.o /usr/bin/../lib/gcc/x86_64-linux-gnu/5.4.0/crtbegin.o -L/usr/bin/../lib/gcc/x86_64-linux-gnu/5.4.0 -L/usr/bin/../lib/gcc/x86_64-linux-gnu/5.4.0/../../../x86_64-linux-gnu -L/lib/x86_64-linux-gnu -L/lib/../lib64 -L/usr/lib/x86_64-linux-gnu -L/usr/bin/../lib/gcc/x86_64-linux-gnu/5.4.0/../../.. -L/usr/lib/llvm-5.0/bin/../lib -L/lib -L/usr/lib CMakeFiles/cmTC_9d931.dir/CMakeCXXCompilerABI.cpp.o -lstdc++ -lm -lgcc_s -lgcc -lc -lgcc_s -lgcc /usr/bin/../lib/gcc/x86_64-linux-gnu/5.4.0/crtend.o /usr/bin/../lib/gcc/x86_64-linux-gnu/5.4.0/../../../x86_64-linux-gnu/crtn.o]
    arg [/usr/bin/ld] ==> ignore
    arg [-export-dynamic] ==> ignore
    arg [-zrelro] ==> ignore
    arg [--hash-style=gnu] ==> ignore
    arg [--eh-frame-hdr] ==> ignore
    arg [-m] ==> ignore
    arg [elf_x86_64] ==> ignore
    arg [-export-dynamic] ==> ignore
    arg [-dynamic-linker] ==> ignore
    arg [/lib64/ld-linux-x86-64.so.2] ==> ignore
    arg [-o] ==> ignore
    arg [cmTC_9d931] ==> ignore
    arg [/usr/bin/../lib/gcc/x86_64-linux-gnu/5.4.0/../../../x86_64-linux-gnu/crt1.o] ==> ignore
    arg [/usr/bin/../lib/gcc/x86_64-linux-gnu/5.4.0/../../../x86_64-linux-gnu/crti.o] ==> ignore
    arg [/usr/bin/../lib/gcc/x86_64-linux-gnu/5.4.0/crtbegin.o] ==> ignore
    arg [-L/usr/bin/../lib/gcc/x86_64-linux-gnu/5.4.0] ==> dir [/usr/bin/../lib/gcc/x86_64-linux-gnu/5.4.0]
    arg [-L/usr/bin/../lib/gcc/x86_64-linux-gnu/5.4.0/../../../x86_64-linux-gnu] ==> dir [/usr/bin/../lib/gcc/x86_64-linux-gnu/5.4.0/../../../x86_64-linux-gnu]
    arg [-L/lib/x86_64-linux-gnu] ==> dir [/lib/x86_64-linux-gnu]
    arg [-L/lib/../lib64] ==> dir [/lib/../lib64]
    arg [-L/usr/lib/x86_64-linux-gnu] ==> dir [/usr/lib/x86_64-linux-gnu]
    arg [-L/usr/bin/../lib/gcc/x86_64-linux-gnu/5.4.0/../../..] ==> dir [/usr/bin/../lib/gcc/x86_64-linux-gnu/5.4.0/../../..]
    arg [-L/usr/lib/llvm-5.0/bin/../lib] ==> dir [/usr/lib/llvm-5.0/bin/../lib]
    arg [-L/lib] ==> dir [/lib]
    arg [-L/usr/lib] ==> dir [/usr/lib]
    arg [CMakeFiles/cmTC_9d931.dir/CMakeCXXCompilerABI.cpp.o] ==> ignore
    arg [-lstdc++] ==> lib [stdc++]
    arg [-lm] ==> lib [m]
    arg [-lgcc_s] ==> lib [gcc_s]
    arg [-lgcc] ==> lib [gcc]
    arg [-lc] ==> lib [c]
    arg [-lgcc_s] ==> lib [gcc_s]
    arg [-lgcc] ==> lib [gcc]
    arg [/usr/bin/../lib/gcc/x86_64-linux-gnu/5.4.0/crtend.o] ==> ignore
    arg [/usr/bin/../lib/gcc/x86_64-linux-gnu/5.4.0/../../../x86_64-linux-gnu/crtn.o] ==> ignore
  remove lib [gcc_s]
  remove lib [gcc]
  remove lib [gcc_s]
  remove lib [gcc]
  collapse library dir [/usr/bin/../lib/gcc/x86_64-linux-gnu/5.4.0] ==> [/usr/lib/gcc/x86_64-linux-gnu/5.4.0]
  collapse library dir [/usr/bin/../lib/gcc/x86_64-linux-gnu/5.4.0/../../../x86_64-linux-gnu] ==> [/usr/lib/x86_64-linux-gnu]
  collapse library dir [/lib/x86_64-linux-gnu] ==> [/lib/x86_64-linux-gnu]
  collapse library dir [/lib/../lib64] ==> [/lib64]
  collapse library dir [/usr/lib/x86_64-linux-gnu] ==> [/usr/lib/x86_64-linux-gnu]
  collapse library dir [/usr/bin/../lib/gcc/x86_64-linux-gnu/5.4.0/../../..] ==> [/usr/lib]
  collapse library dir [/usr/lib/llvm-5.0/bin/../lib] ==> [/usr/lib/llvm-5.0/lib]
  collapse library dir [/lib] ==> [/lib]
  collapse library dir [/usr/lib] ==> [/usr/lib]
  implicit libs: [stdc++;m;c]
  implicit dirs: [/usr/lib/gcc/x86_64-linux-gnu/5.4.0;/usr/lib/x86_64-linux-gnu;/lib/x86_64-linux-gnu;/lib64;/usr/lib;/usr/lib/llvm-5.0/lib;/lib]
  implicit fwks: []




Detecting CXX [-std=c++14] compiler features compiled with the following output:
Change Dir: /root/packages/x265_3.2/source/CMakeFiles/CMakeTmp

Run Build Command:"/usr/bin/make" "cmTC_5f3d9/fast"
/usr/bin/make -f CMakeFiles/cmTC_5f3d9.dir/build.make CMakeFiles/cmTC_5f3d9.dir/build
make[1]: Entering directory '/root/packages/x265_3.2/source/CMakeFiles/CMakeTmp'
Building CXX object CMakeFiles/cmTC_5f3d9.dir/feature_tests.cxx.o
/usr/bin/clang++-5.0     -fPIC    -std=c++14 -o CMakeFiles/cmTC_5f3d9.dir/feature_tests.cxx.o -c /root/packages/x265_3.2/source/CMakeFiles/feature_tests.cxx
Linking CXX executable cmTC_5f3d9
/usr/bin/cmake -E cmake_link_script CMakeFiles/cmTC_5f3d9.dir/link.txt --verbose=1
/usr/bin/clang++-5.0   -fPIC     CMakeFiles/cmTC_5f3d9.dir/feature_tests.cxx.o  -o cmTC_5f3d9 -rdynamic 
make[1]: Leaving directory '/root/packages/x265_3.2/source/CMakeFiles/CMakeTmp'


    Feature record: CXX_FEATURE:1cxx_aggregate_default_initializers
    Feature record: CXX_FEATURE:1cxx_alias_templates
    Feature record: CXX_FEATURE:1cxx_alignas
    Feature record: CXX_FEATURE:1cxx_alignof
    Feature record: CXX_FEATURE:1cxx_attributes
    Feature record: CXX_FEATURE:1cxx_attribute_deprecated
    Feature record: CXX_FEATURE:1cxx_auto_type
    Feature record: CXX_FEATURE:1cxx_binary_literals
    Feature record: CXX_FEATURE:1cxx_constexpr
    Feature record: CXX_FEATURE:1cxx_contextual_conversions
    Feature record: CXX_FEATURE:1cxx_decltype
    Feature record: CXX_FEATURE:1cxx_decltype_auto
    Feature record: CXX_FEATURE:1cxx_decltype_incomplete_return_types
    Feature record: CXX_FEATURE:1cxx_default_function_template_args
    Feature record: CXX_FEATURE:1cxx_defaulted_functions
    Feature record: CXX_FEATURE:1cxx_defaulted_move_initializers
    Feature record: CXX_FEATURE:1cxx_delegating_constructors
    Feature record: CXX_FEATURE:1cxx_deleted_functions
    Feature record: CXX_FEATURE:1cxx_digit_separators
    Feature record: CXX_FEATURE:1cxx_enum_forward_declarations
    Feature record: CXX_FEATURE:1cxx_explicit_conversions
    Feature record: CXX_FEATURE:1cxx_extended_friend_declarations
    Feature record: CXX_FEATURE:1cxx_extern_templates
    Feature record: CXX_FEATURE:1cxx_final
    Feature record: CXX_FEATURE:1cxx_func_identifier
    Feature record: CXX_FEATURE:1cxx_generalized_initializers
    Feature record: CXX_FEATURE:1cxx_generic_lambdas
    Feature record: CXX_FEATURE:1cxx_inheriting_constructors
    Feature record: CXX_FEATURE:1cxx_inline_namespaces
    Feature record: CXX_FEATURE:1cxx_lambdas
    Feature record: CXX_FEATURE:1cxx_lambda_init_captures
    Feature record: CXX_FEATURE:1cxx_local_type_template_args
    Feature record: CXX_FEATURE:1cxx_long_long_type
    Feature record: CXX_FEATURE:1cxx_noexcept
    Feature record: CXX_FEATURE:1cxx_nonstatic_member_init
    Feature record: CXX_FEATURE:1cxx_nullptr
    Feature record: CXX_FEATURE:1cxx_override
    Feature record: CXX_FEATURE:1cxx_range_for
    Feature record: CXX_FEATURE:1cxx_raw_string_literals
    Feature record: CXX_FEATURE:1cxx_reference_qualified_functions
    Feature record: CXX_FEATURE:1cxx_relaxed_constexpr
    Feature record: CXX_FEATURE:1cxx_return_type_deduction
    Feature record: CXX_FEATURE:1cxx_right_angle_brackets
    Feature record: CXX_FEATURE:1cxx_rvalue_references
    Feature record: CXX_FEATURE:1cxx_sizeof_member
    Feature record: CXX_FEATURE:1cxx_static_assert
    Feature record: CXX_FEATURE:1cxx_strong_enums
    Feature record: CXX_FEATURE:1cxx_template_template_parameters
    Feature record: CXX_FEATURE:1cxx_thread_local
    Feature record: CXX_FEATURE:1cxx_trailing_return_types
    Feature record: CXX_FEATURE:1cxx_unicode_literals
    Feature record: CXX_FEATURE:1cxx_uniform_initialization
    Feature record: CXX_FEATURE:1cxx_unrestricted_unions
    Feature record: CXX_FEATURE:1cxx_user_literals
    Feature record: CXX_FEATURE:1cxx_variable_templates
    Feature record: CXX_FEATURE:1cxx_variadic_macros
    Feature record: CXX_FEATURE:1cxx_variadic_templates


Detecting CXX [-std=c++11] compiler features compiled with the following output:
Change Dir: /root/packages/x265_3.2/source/CMakeFiles/CMakeTmp

Run Build Command:"/usr/bin/make" "cmTC_f6369/fast"
/usr/bin/make -f CMakeFiles/cmTC_f6369.dir/build.make CMakeFiles/cmTC_f6369.dir/build
make[1]: Entering directory '/root/packages/x265_3.2/source/CMakeFiles/CMakeTmp'
Building CXX object CMakeFiles/cmTC_f6369.dir/feature_tests.cxx.o
/usr/bin/clang++-5.0     -fPIC    -std=c++11 -o CMakeFiles/cmTC_f6369.dir/feature_tests.cxx.o -c /root/packages/x265_3.2/source/CMakeFiles/feature_tests.cxx
Linking CXX executable cmTC_f6369
/usr/bin/cmake -E cmake_link_script CMakeFiles/cmTC_f6369.dir/link.txt --verbose=1
/usr/bin/clang++-5.0   -fPIC     CMakeFiles/cmTC_f6369.dir/feature_tests.cxx.o  -o cmTC_f6369 -rdynamic 
make[1]: Leaving directory '/root/packages/x265_3.2/source/CMakeFiles/CMakeTmp'


    Feature record: CXX_FEATURE:0cxx_aggregate_default_initializers
    Feature record: CXX_FEATURE:1cxx_alias_templates
    Feature record: CXX_FEATURE:1cxx_alignas
    Feature record: CXX_FEATURE:1cxx_alignof
    Feature record: CXX_FEATURE:1cxx_attributes
    Feature record: CXX_FEATURE:0cxx_attribute_deprecated
    Feature record: CXX_FEATURE:1cxx_auto_type
    Feature record: CXX_FEATURE:0cxx_binary_literals
    Feature record: CXX_FEATURE:1cxx_constexpr
    Feature record: CXX_FEATURE:0cxx_contextual_conversions
    Feature record: CXX_FEATURE:1cxx_decltype
    Feature record: CXX_FEATURE:0cxx_decltype_auto
    Feature record: CXX_FEATURE:1cxx_decltype_incomplete_return_types
    Feature record: CXX_FEATURE:1cxx_default_function_template_args
    Feature record: CXX_FEATURE:1cxx_defaulted_functions
    Feature record: CXX_FEATURE:1cxx_defaulted_move_initializers
    Feature record: CXX_FEATURE:1cxx_delegating_constructors
    Feature record: CXX_FEATURE:1cxx_deleted_functions
    Feature record: CXX_FEATURE:0cxx_digit_separators
    Feature record: CXX_FEATURE:1cxx_enum_forward_declarations
    Feature record: CXX_FEATURE:1cxx_explicit_conversions
    Feature record: CXX_FEATURE:1cxx_extended_friend_declarations
    Feature record: CXX_FEATURE:1cxx_extern_templates
    Feature record: CXX_FEATURE:1cxx_final
    Feature record: CXX_FEATURE:1cxx_func_identifier
    Feature record: CXX_FEATURE:1cxx_generalized_initializers
    Feature record: CXX_FEATURE:0cxx_generic_lambdas
    Feature record: CXX_FEATURE:1cxx_inheriting_constructors
    Feature record: CXX_FEATURE:1cxx_inline_namespaces
    Feature record: CXX_FEATURE:1cxx_lambdas
    Feature record: CXX_FEATURE:0cxx_lambda_init_captures
    Feature record: CXX_FEATURE:1cxx_local_type_template_args
    Feature record: CXX_FEATURE:1cxx_long_long_type
    Feature record: CXX_FEATURE:1cxx_noexcept
    Feature record: CXX_FEATURE:1cxx_nonstatic_member_init
    Feature record: CXX_FEATURE:1cxx_nullptr
    Feature record: CXX_FEATURE:1cxx_override
    Feature record: CXX_FEATURE:1cxx_range_for
    Feature record: CXX_FEATURE:1cxx_raw_string_literals
    Feature record: CXX_FEATURE:1cxx_reference_qualified_functions
    Feature record: CXX_FEATURE:0cxx_relaxed_constexpr
    Feature record: CXX_FEATURE:0cxx_return_type_deduction
    Feature record: CXX_FEATURE:1cxx_right_angle_brackets
    Feature record: CXX_FEATURE:1cxx_rvalue_references
    Feature record: CXX_FEATURE:1cxx_sizeof_member
    Feature record: CXX_FEATURE:1cxx_static_assert
    Feature record: CXX_FEATURE:1cxx_strong_enums
    Feature record: CXX_FEATURE:1cxx_template_template_parameters
    Feature record: CXX_FEATURE:1cxx_thread_local
    Feature record: CXX_FEATURE:1cxx_trailing_return_types
    Feature record: CXX_FEATURE:1cxx_unicode_literals
    Feature record: CXX_FEATURE:1cxx_uniform_initialization
    Feature record: CXX_FEATURE:1cxx_unrestricted_unions
    Feature record: CXX_FEATURE:1cxx_user_literals
    Feature record: CXX_FEATURE:0cxx_variable_templates
    Feature record: CXX_FEATURE:1cxx_variadic_macros
    Feature record: CXX_FEATURE:1cxx_variadic_templates


Detecting CXX [-std=c++98] compiler features compiled with the following output:
Change Dir: /root/packages/x265_3.2/source/CMakeFiles/CMakeTmp

Run Build Command:"/usr/bin/make" "cmTC_e1d52/fast"
/usr/bin/make -f CMakeFiles/cmTC_e1d52.dir/build.make CMakeFiles/cmTC_e1d52.dir/build
make[1]: Entering directory '/root/packages/x265_3.2/source/CMakeFiles/CMakeTmp'
Building CXX object CMakeFiles/cmTC_e1d52.dir/feature_tests.cxx.o
/usr/bin/clang++-5.0     -fPIC    -std=c++98 -o CMakeFiles/cmTC_e1d52.dir/feature_tests.cxx.o -c /root/packages/x265_3.2/source/CMakeFiles/feature_tests.cxx
Linking CXX executable cmTC_e1d52
/usr/bin/cmake -E cmake_link_script CMakeFiles/cmTC_e1d52.dir/link.txt --verbose=1
/usr/bin/clang++-5.0   -fPIC     CMakeFiles/cmTC_e1d52.dir/feature_tests.cxx.o  -o cmTC_e1d52 -rdynamic 
make[1]: Leaving directory '/root/packages/x265_3.2/source/CMakeFiles/CMakeTmp'


    Feature record: CXX_FEATURE:0cxx_aggregate_default_initializers
    Feature record: CXX_FEATURE:0cxx_alias_templates
    Feature record: CXX_FEATURE:0cxx_alignas
    Feature record: CXX_FEATURE:0cxx_alignof
    Feature record: CXX_FEATURE:0cxx_attributes
    Feature record: CXX_FEATURE:0cxx_attribute_deprecated
    Feature record: CXX_FEATURE:0cxx_auto_type
    Feature record: CXX_FEATURE:0cxx_binary_literals
    Feature record: CXX_FEATURE:0cxx_constexpr
    Feature record: CXX_FEATURE:0cxx_contextual_conversions
    Feature record: CXX_FEATURE:0cxx_decltype
    Feature record: CXX_FEATURE:0cxx_decltype_auto
    Feature record: CXX_FEATURE:0cxx_decltype_incomplete_return_types
    Feature record: CXX_FEATURE:0cxx_default_function_template_args
    Feature record: CXX_FEATURE:0cxx_defaulted_functions
    Feature record: CXX_FEATURE:0cxx_defaulted_move_initializers
    Feature record: CXX_FEATURE:0cxx_delegating_constructors
    Feature record: CXX_FEATURE:0cxx_deleted_functions
    Feature record: CXX_FEATURE:0cxx_digit_separators
    Feature record: CXX_FEATURE:0cxx_enum_forward_declarations
    Feature record: CXX_FEATURE:0cxx_explicit_conversions
    Feature record: CXX_FEATURE:0cxx_extended_friend_declarations
    Feature record: CXX_FEATURE:0cxx_extern_templates
    Feature record: CXX_FEATURE:0cxx_final
    Feature record: CXX_FEATURE:0cxx_func_identifier
    Feature record: CXX_FEATURE:0cxx_generalized_initializers
    Feature record: CXX_FEATURE:0cxx_generic_lambdas
    Feature record: CXX_FEATURE:0cxx_inheriting_constructors
    Feature record: CXX_FEATURE:0cxx_inline_namespaces
    Feature record: CXX_FEATURE:0cxx_lambdas
    Feature record: CXX_FEATURE:0cxx_lambda_init_captures
    Feature record: CXX_FEATURE:0cxx_local_type_template_args
    Feature record: CXX_FEATURE:0cxx_long_long_type
    Feature record: CXX_FEATURE:0cxx_noexcept
    Feature record: CXX_FEATURE:0cxx_nonstatic_member_init
    Feature record: CXX_FEATURE:0cxx_nullptr
    Feature record: CXX_FEATURE:0cxx_override
    Feature record: CXX_FEATURE:0cxx_range_for
    Feature record: CXX_FEATURE:0cxx_raw_string_literals
    Feature record: CXX_FEATURE:0cxx_reference_qualified_functions
    Feature record: CXX_FEATURE:0cxx_relaxed_constexpr
    Feature record: CXX_FEATURE:0cxx_return_type_deduction
    Feature record: CXX_FEATURE:0cxx_right_angle_brackets
    Feature record: CXX_FEATURE:0cxx_rvalue_references
    Feature record: CXX_FEATURE:0cxx_sizeof_member
    Feature record: CXX_FEATURE:0cxx_static_assert
    Feature record: CXX_FEATURE:0cxx_strong_enums
    Feature record: CXX_FEATURE:1cxx_template_template_parameters
    Feature record: CXX_FEATURE:0cxx_thread_local
    Feature record: CXX_FEATURE:0cxx_trailing_return_types
    Feature record: CXX_FEATURE:0cxx_unicode_literals
    Feature record: CXX_FEATURE:0cxx_uniform_initialization
    Feature record: CXX_FEATURE:0cxx_unrestricted_unions
    Feature record: CXX_FEATURE:0cxx_user_literals
    Feature record: CXX_FEATURE:0cxx_variable_templates
    Feature record: CXX_FEATURE:0cxx_variadic_macros
    Feature record: CXX_FEATURE:0cxx_variadic_templates
Determining if files inttypes.h exist passed with the following output:
Change Dir: /root/packages/x265_3.2/source/CMakeFiles/CMakeTmp

Run Build Command:"/usr/bin/make" "cmTC_eef26/fast"
/usr/bin/make -f CMakeFiles/cmTC_eef26.dir/build.make CMakeFiles/cmTC_eef26.dir/build
make[1]: Entering directory '/root/packages/x265_3.2/source/CMakeFiles/CMakeTmp'
Building C object CMakeFiles/cmTC_eef26.dir/CheckIncludeFiles.c.o
/usr/bin/clang-5.0    -fPIC    -o CMakeFiles/cmTC_eef26.dir/CheckIncludeFiles.c.o   -c /root/packages/x265_3.2/source/CMakeFiles/CMakeTmp/CheckIncludeFiles.c
Linking C executable cmTC_eef26
/usr/bin/cmake -E cmake_link_script CMakeFiles/cmTC_eef26.dir/link.txt --verbose=1
/usr/bin/clang-5.0  -fPIC     CMakeFiles/cmTC_eef26.dir/CheckIncludeFiles.c.o  -o cmTC_eef26 -rdynamic 
make[1]: Leaving directory '/root/packages/x265_3.2/source/CMakeFiles/CMakeTmp'


Performing C++ SOURCE FILE Test CC_HAS_NO_STRICT_OVERFLOW succeeded with the following output:
Change Dir: /root/packages/x265_3.2/source/CMakeFiles/CMakeTmp

Run Build Command:"/usr/bin/make" "cmTC_4e0ed/fast"
/usr/bin/make -f CMakeFiles/cmTC_4e0ed.dir/build.make CMakeFiles/cmTC_4e0ed.dir/build
make[1]: Entering directory '/root/packages/x265_3.2/source/CMakeFiles/CMakeTmp'
Building CXX object CMakeFiles/cmTC_4e0ed.dir/src.cxx.o
/usr/bin/clang++-5.0     -fPIC -DCC_HAS_NO_STRICT_OVERFLOW   -Wno-strict-overflow -o CMakeFiles/cmTC_4e0ed.dir/src.cxx.o -c /root/packages/x265_3.2/source/CMakeFiles/CMakeTmp/src.cxx
Linking CXX executable cmTC_4e0ed
/usr/bin/cmake -E cmake_link_script CMakeFiles/cmTC_4e0ed.dir/link.txt --verbose=1
/usr/bin/clang++-5.0   -fPIC -DCC_HAS_NO_STRICT_OVERFLOW    CMakeFiles/cmTC_4e0ed.dir/src.cxx.o  -o cmTC_4e0ed -rdynamic 
make[1]: Leaving directory '/root/packages/x265_3.2/source/CMakeFiles/CMakeTmp'

Source file was:
int main() { return 0; }
Performing C++ SOURCE FILE Test CC_HAS_NO_NARROWING succeeded with the following output:
Change Dir: /root/packages/x265_3.2/source/CMakeFiles/CMakeTmp

Run Build Command:"/usr/bin/make" "cmTC_0647a/fast"
/usr/bin/make -f CMakeFiles/cmTC_0647a.dir/build.make CMakeFiles/cmTC_0647a.dir/build
make[1]: Entering directory '/root/packages/x265_3.2/source/CMakeFiles/CMakeTmp'
Building CXX object CMakeFiles/cmTC_0647a.dir/src.cxx.o
/usr/bin/clang++-5.0     -fPIC -DCC_HAS_NO_NARROWING   -Wno-narrowing -o CMakeFiles/cmTC_0647a.dir/src.cxx.o -c /root/packages/x265_3.2/source/CMakeFiles/CMakeTmp/src.cxx
Linking CXX executable cmTC_0647a
/usr/bin/cmake -E cmake_link_script CMakeFiles/cmTC_0647a.dir/link.txt --verbose=1
/usr/bin/clang++-5.0   -fPIC -DCC_HAS_NO_NARROWING    CMakeFiles/cmTC_0647a.dir/src.cxx.o  -o cmTC_0647a -rdynamic 
make[1]: Leaving directory '/root/packages/x265_3.2/source/CMakeFiles/CMakeTmp'

Source file was:
int main() { return 0; }
Performing C++ SOURCE FILE Test CC_HAS_NO_ARRAY_BOUNDS succeeded with the following output:
Change Dir: /root/packages/x265_3.2/source/CMakeFiles/CMakeTmp

Run Build Command:"/usr/bin/make" "cmTC_a9789/fast"
/usr/bin/make -f CMakeFiles/cmTC_a9789.dir/build.make CMakeFiles/cmTC_a9789.dir/build
make[1]: Entering directory '/root/packages/x265_3.2/source/CMakeFiles/CMakeTmp'
Building CXX object CMakeFiles/cmTC_a9789.dir/src.cxx.o
/usr/bin/clang++-5.0     -fPIC -DCC_HAS_NO_ARRAY_BOUNDS   -Wno-array-bounds -o CMakeFiles/cmTC_a9789.dir/src.cxx.o -c /root/packages/x265_3.2/source/CMakeFiles/CMakeTmp/src.cxx
Linking CXX executable cmTC_a9789
/usr/bin/cmake -E cmake_link_script CMakeFiles/cmTC_a9789.dir/link.txt --verbose=1
/usr/bin/clang++-5.0   -fPIC -DCC_HAS_NO_ARRAY_BOUNDS    CMakeFiles/cmTC_a9789.dir/src.cxx.o  -o cmTC_a9789 -rdynamic 
make[1]: Leaving directory '/root/packages/x265_3.2/source/CMakeFiles/CMakeTmp'

Source file was:
int main() { return 0; }
Performing C++ SOURCE FILE Test CC_HAS_FAST_MATH succeeded with the following output:
Change Dir: /root/packages/x265_3.2/source/CMakeFiles/CMakeTmp

Run Build Command:"/usr/bin/make" "cmTC_65c52/fast"
/usr/bin/make -f CMakeFiles/cmTC_65c52.dir/build.make CMakeFiles/cmTC_65c52.dir/build
make[1]: Entering directory '/root/packages/x265_3.2/source/CMakeFiles/CMakeTmp'
Building CXX object CMakeFiles/cmTC_65c52.dir/src.cxx.o
/usr/bin/clang++-5.0     -fPIC -DCC_HAS_FAST_MATH   -ffast-math -o CMakeFiles/cmTC_65c52.dir/src.cxx.o -c /root/packages/x265_3.2/source/CMakeFiles/CMakeTmp/src.cxx
Linking CXX executable cmTC_65c52
/usr/bin/cmake -E cmake_link_script CMakeFiles/cmTC_65c52.dir/link.txt --verbose=1
/usr/bin/clang++-5.0   -fPIC -DCC_HAS_FAST_MATH    CMakeFiles/cmTC_65c52.dir/src.cxx.o  -o cmTC_65c52 -rdynamic 
make[1]: Leaving directory '/root/packages/x265_3.2/source/CMakeFiles/CMakeTmp'

Source file was:
int main() { return 0; }
Performing C++ SOURCE FILE Test CC_HAS_STACK_REALIGN succeeded with the following output:
Change Dir: /root/packages/x265_3.2/source/CMakeFiles/CMakeTmp

Run Build Command:"/usr/bin/make" "cmTC_693a4/fast"
/usr/bin/make -f CMakeFiles/cmTC_693a4.dir/build.make CMakeFiles/cmTC_693a4.dir/build
make[1]: Entering directory '/root/packages/x265_3.2/source/CMakeFiles/CMakeTmp'
Building CXX object CMakeFiles/cmTC_693a4.dir/src.cxx.o
/usr/bin/clang++-5.0     -fPIC -DCC_HAS_STACK_REALIGN   -mstackrealign -o CMakeFiles/cmTC_693a4.dir/src.cxx.o -c /root/packages/x265_3.2/source/CMakeFiles/CMakeTmp/src.cxx
Linking CXX executable cmTC_693a4
/usr/bin/cmake -E cmake_link_script CMakeFiles/cmTC_693a4.dir/link.txt --verbose=1
/usr/bin/clang++-5.0   -fPIC -DCC_HAS_STACK_REALIGN    CMakeFiles/cmTC_693a4.dir/src.cxx.o  -o cmTC_693a4 -rdynamic 
make[1]: Leaving directory '/root/packages/x265_3.2/source/CMakeFiles/CMakeTmp'

Source file was:
int main() { return 0; }
Performing C++ SOURCE FILE Test CC_HAS_FNO_EXCEPTIONS_FLAG succeeded with the following output:
Change Dir: /root/packages/x265_3.2/source/CMakeFiles/CMakeTmp

Run Build Command:"/usr/bin/make" "cmTC_9ce1a/fast"
/usr/bin/make -f CMakeFiles/cmTC_9ce1a.dir/build.make CMakeFiles/cmTC_9ce1a.dir/build
make[1]: Entering directory '/root/packages/x265_3.2/source/CMakeFiles/CMakeTmp'
Building CXX object CMakeFiles/cmTC_9ce1a.dir/src.cxx.o
/usr/bin/clang++-5.0     -fPIC -DCC_HAS_FNO_EXCEPTIONS_FLAG   -fno-exceptions -o CMakeFiles/cmTC_9ce1a.dir/src.cxx.o -c /root/packages/x265_3.2/source/CMakeFiles/CMakeTmp/src.cxx
Linking CXX executable cmTC_9ce1a
/usr/bin/cmake -E cmake_link_script CMakeFiles/cmTC_9ce1a.dir/link.txt --verbose=1
/usr/bin/clang++-5.0   -fPIC -DCC_HAS_FNO_EXCEPTIONS_FLAG    CMakeFiles/cmTC_9ce1a.dir/src.cxx.o  -o cmTC_9ce1a -rdynamic 
make[1]: Leaving directory '/root/packages/x265_3.2/source/CMakeFiles/CMakeTmp'

Source file was:
int main() { return 0; }
Determining if the strtok_r exist passed with the following output:
Change Dir: /root/packages/x265_3.2/source/CMakeFiles/CMakeTmp

Run Build Command:"/usr/bin/make" "cmTC_1a4e8/fast"
/usr/bin/make -f CMakeFiles/cmTC_1a4e8.dir/build.make CMakeFiles/cmTC_1a4e8.dir/build
make[1]: Entering directory '/root/packages/x265_3.2/source/CMakeFiles/CMakeTmp'
Building C object CMakeFiles/cmTC_1a4e8.dir/CheckSymbolExists.c.o
/usr/bin/clang-5.0    -fPIC    -o CMakeFiles/cmTC_1a4e8.dir/CheckSymbolExists.c.o   -c /root/packages/x265_3.2/source/CMakeFiles/CMakeTmp/CheckSymbolExists.c
Linking C executable cmTC_1a4e8
/usr/bin/cmake -E cmake_link_script CMakeFiles/cmTC_1a4e8.dir/link.txt --verbose=1
/usr/bin/clang-5.0  -fPIC     CMakeFiles/cmTC_1a4e8.dir/CheckSymbolExists.c.o  -o cmTC_1a4e8 -rdynamic 
make[1]: Leaving directory '/root/packages/x265_3.2/source/CMakeFiles/CMakeTmp'

File /root/packages/x265_3.2/source/CMakeFiles/CMakeTmp/CheckSymbolExists.c:
/* */
#include <string.h>

int main(int argc, char** argv)
{
  (void)argv;
#ifndef strtok_r
  return ((int*)(&strtok_r))[argc];
#else
  (void)argc;
  return 0;
#endif
}

Determining if files getopt.h exist passed with the following output:
Change Dir: /root/packages/x265_3.2/source/CMakeFiles/CMakeTmp

Run Build Command:"/usr/bin/make" "cmTC_6a71d/fast"
/usr/bin/make -f CMakeFiles/cmTC_6a71d.dir/build.make CMakeFiles/cmTC_6a71d.dir/build
make[1]: Entering directory '/root/packages/x265_3.2/source/CMakeFiles/CMakeTmp'
Building C object CMakeFiles/cmTC_6a71d.dir/CheckIncludeFiles.c.o
/usr/bin/clang-5.0    -fPIC    -o CMakeFiles/cmTC_6a71d.dir/CheckIncludeFiles.c.o   -c /root/packages/x265_3.2/source/CMakeFiles/CMakeTmp/CheckIncludeFiles.c
Linking C executable cmTC_6a71d
/usr/bin/cmake -E cmake_link_script CMakeFiles/cmTC_6a71d.dir/link.txt --verbose=1
/usr/bin/clang-5.0  -fPIC     CMakeFiles/cmTC_6a71d.dir/CheckIncludeFiles.c.o  -o cmTC_6a71d -rdynamic 
make[1]: Leaving directory '/root/packages/x265_3.2/source/CMakeFiles/CMakeTmp'


Determining if files inttypes.h exist passed with the following output:
Change Dir: /root/packages/x265_3.2/source/CMakeFiles/CMakeTmp

Run Build Command:"/usr/bin/make" "cmTC_977f2/fast"
/usr/bin/make -f CMakeFiles/cmTC_977f2.dir/build.make CMakeFiles/cmTC_977f2.dir/build
make[1]: Entering directory '/root/packages/x265_3.2/source/CMakeFiles/CMakeTmp'
Building C object CMakeFiles/cmTC_977f2.dir/CheckIncludeFiles.c.o
/usr/bin/clang-5.0    -fPIC    -o CMakeFiles/cmTC_977f2.dir/CheckIncludeFiles.c.o   -c /root/packages/x265_3.2/source/CMakeFiles/CMakeTmp/CheckIncludeFiles.c
Linking C executable cmTC_977f2
/usr/bin/cmake -E cmake_link_script CMakeFiles/cmTC_977f2.dir/link.txt --verbose=1
/usr/bin/clang-5.0  -fPIC     CMakeFiles/cmTC_977f2.dir/CheckIncludeFiles.c.o  -o cmTC_977f2 -rdynamic 
make[1]: Leaving directory '/root/packages/x265_3.2/source/CMakeFiles/CMakeTmp'


Performing C++ SOURCE FILE Test CC_HAS_NO_STRICT_OVERFLOW succeeded with the following output:
Change Dir: /root/packages/x265_3.2/source/CMakeFiles/CMakeTmp

Run Build Command:"/usr/bin/make" "cmTC_4e14e/fast"
/usr/bin/make -f CMakeFiles/cmTC_4e14e.dir/build.make CMakeFiles/cmTC_4e14e.dir/build
make[1]: Entering directory '/root/packages/x265_3.2/source/CMakeFiles/CMakeTmp'
Building CXX object CMakeFiles/cmTC_4e14e.dir/src.cxx.o
/usr/bin/clang++-5.0     -fPIC -DCC_HAS_NO_STRICT_OVERFLOW   -Wno-strict-overflow -o CMakeFiles/cmTC_4e14e.dir/src.cxx.o -c /root/packages/x265_3.2/source/CMakeFiles/CMakeTmp/src.cxx
Linking CXX executable cmTC_4e14e
/usr/bin/cmake -E cmake_link_script CMakeFiles/cmTC_4e14e.dir/link.txt --verbose=1
/usr/bin/clang++-5.0   -fPIC -DCC_HAS_NO_STRICT_OVERFLOW    CMakeFiles/cmTC_4e14e.dir/src.cxx.o  -o cmTC_4e14e -rdynamic 
make[1]: Leaving directory '/root/packages/x265_3.2/source/CMakeFiles/CMakeTmp'

Source file was:
int main() { return 0; }
Performing C++ SOURCE FILE Test CC_HAS_NO_NARROWING succeeded with the following output:
Change Dir: /root/packages/x265_3.2/source/CMakeFiles/CMakeTmp

Run Build Command:"/usr/bin/make" "cmTC_66627/fast"
/usr/bin/make -f CMakeFiles/cmTC_66627.dir/build.make CMakeFiles/cmTC_66627.dir/build
make[1]: Entering directory '/root/packages/x265_3.2/source/CMakeFiles/CMakeTmp'
Building CXX object CMakeFiles/cmTC_66627.dir/src.cxx.o
/usr/bin/clang++-5.0     -fPIC -DCC_HAS_NO_NARROWING   -Wno-narrowing -o CMakeFiles/cmTC_66627.dir/src.cxx.o -c /root/packages/x265_3.2/source/CMakeFiles/CMakeTmp/src.cxx
Linking CXX executable cmTC_66627
/usr/bin/cmake -E cmake_link_script CMakeFiles/cmTC_66627.dir/link.txt --verbose=1
/usr/bin/clang++-5.0   -fPIC -DCC_HAS_NO_NARROWING    CMakeFiles/cmTC_66627.dir/src.cxx.o  -o cmTC_66627 -rdynamic 
make[1]: Leaving directory '/root/packages/x265_3.2/source/CMakeFiles/CMakeTmp'

Source file was:
int main() { return 0; }
Performing C++ SOURCE FILE Test CC_HAS_NO_ARRAY_BOUNDS succeeded with the following output:
Change Dir: /root/packages/x265_3.2/source/CMakeFiles/CMakeTmp

Run Build Command:"/usr/bin/make" "cmTC_0fd12/fast"
/usr/bin/make -f CMakeFiles/cmTC_0fd12.dir/build.make CMakeFiles/cmTC_0fd12.dir/build
make[1]: Entering directory '/root/packages/x265_3.2/source/CMakeFiles/CMakeTmp'
Building CXX object CMakeFiles/cmTC_0fd12.dir/src.cxx.o
/usr/bin/clang++-5.0     -fPIC -DCC_HAS_NO_ARRAY_BOUNDS   -Wno-array-bounds -o CMakeFiles/cmTC_0fd12.dir/src.cxx.o -c /root/packages/x265_3.2/source/CMakeFiles/CMakeTmp/src.cxx
Linking CXX executable cmTC_0fd12
/usr/bin/cmake -E cmake_link_script CMakeFiles/cmTC_0fd12.dir/link.txt --verbose=1
/usr/bin/clang++-5.0   -fPIC -DCC_HAS_NO_ARRAY_BOUNDS    CMakeFiles/cmTC_0fd12.dir/src.cxx.o  -o cmTC_0fd12 -rdynamic 
make[1]: Leaving directory '/root/packages/x265_3.2/source/CMakeFiles/CMakeTmp'

Source file was:
int main() { return 0; }
Performing C++ SOURCE FILE Test CC_HAS_FAST_MATH succeeded with the following output:
Change Dir: /root/packages/x265_3.2/source/CMakeFiles/CMakeTmp

Run Build Command:"/usr/bin/make" "cmTC_d16ee/fast"
/usr/bin/make -f CMakeFiles/cmTC_d16ee.dir/build.make CMakeFiles/cmTC_d16ee.dir/build
make[1]: Entering directory '/root/packages/x265_3.2/source/CMakeFiles/CMakeTmp'
Building CXX object CMakeFiles/cmTC_d16ee.dir/src.cxx.o
/usr/bin/clang++-5.0     -fPIC -DCC_HAS_FAST_MATH   -ffast-math -o CMakeFiles/cmTC_d16ee.dir/src.cxx.o -c /root/packages/x265_3.2/source/CMakeFiles/CMakeTmp/src.cxx
Linking CXX executable cmTC_d16ee
/usr/bin/cmake -E cmake_link_script CMakeFiles/cmTC_d16ee.dir/link.txt --verbose=1
/usr/bin/clang++-5.0   -fPIC -DCC_HAS_FAST_MATH    CMakeFiles/cmTC_d16ee.dir/src.cxx.o  -o cmTC_d16ee -rdynamic 
make[1]: Leaving directory '/root/packages/x265_3.2/source/CMakeFiles/CMakeTmp'

Source file was:
int main() { return 0; }
Performing C++ SOURCE FILE Test CC_HAS_STACK_REALIGN succeeded with the following output:
Change Dir: /root/packages/x265_3.2/source/CMakeFiles/CMakeTmp

Run Build Command:"/usr/bin/make" "cmTC_6e747/fast"
/usr/bin/make -f CMakeFiles/cmTC_6e747.dir/build.make CMakeFiles/cmTC_6e747.dir/build
make[1]: Entering directory '/root/packages/x265_3.2/source/CMakeFiles/CMakeTmp'
Building CXX object CMakeFiles/cmTC_6e747.dir/src.cxx.o
/usr/bin/clang++-5.0     -fPIC -DCC_HAS_STACK_REALIGN   -mstackrealign -o CMakeFiles/cmTC_6e747.dir/src.cxx.o -c /root/packages/x265_3.2/source/CMakeFiles/CMakeTmp/src.cxx
Linking CXX executable cmTC_6e747
/usr/bin/cmake -E cmake_link_script CMakeFiles/cmTC_6e747.dir/link.txt --verbose=1
/usr/bin/clang++-5.0   -fPIC -DCC_HAS_STACK_REALIGN    CMakeFiles/cmTC_6e747.dir/src.cxx.o  -o cmTC_6e747 -rdynamic 
make[1]: Leaving directory '/root/packages/x265_3.2/source/CMakeFiles/CMakeTmp'

Source file was:
int main() { return 0; }
Performing C++ SOURCE FILE Test CC_HAS_FNO_EXCEPTIONS_FLAG succeeded with the following output:
Change Dir: /root/packages/x265_3.2/source/CMakeFiles/CMakeTmp

Run Build Command:"/usr/bin/make" "cmTC_41dda/fast"
/usr/bin/make -f CMakeFiles/cmTC_41dda.dir/build.make CMakeFiles/cmTC_41dda.dir/build
make[1]: Entering directory '/root/packages/x265_3.2/source/CMakeFiles/CMakeTmp'
Building CXX object CMakeFiles/cmTC_41dda.dir/src.cxx.o
/usr/bin/clang++-5.0     -fPIC -DCC_HAS_FNO_EXCEPTIONS_FLAG   -fno-exceptions -o CMakeFiles/cmTC_41dda.dir/src.cxx.o -c /root/packages/x265_3.2/source/CMakeFiles/CMakeTmp/src.cxx
Linking CXX executable cmTC_41dda
/usr/bin/cmake -E cmake_link_script CMakeFiles/cmTC_41dda.dir/link.txt --verbose=1
/usr/bin/clang++-5.0   -fPIC -DCC_HAS_FNO_EXCEPTIONS_FLAG    CMakeFiles/cmTC_41dda.dir/src.cxx.o  -o cmTC_41dda -rdynamic 
make[1]: Leaving directory '/root/packages/x265_3.2/source/CMakeFiles/CMakeTmp'

Source file was:
int main() { return 0; }
Determining if the strtok_r exist passed with the following output:
Change Dir: /root/packages/x265_3.2/source/CMakeFiles/CMakeTmp

Run Build Command:"/usr/bin/make" "cmTC_155c7/fast"
/usr/bin/make -f CMakeFiles/cmTC_155c7.dir/build.make CMakeFiles/cmTC_155c7.dir/build
make[1]: Entering directory '/root/packages/x265_3.2/source/CMakeFiles/CMakeTmp'
Building C object CMakeFiles/cmTC_155c7.dir/CheckSymbolExists.c.o
/usr/bin/clang-5.0    -fPIC    -o CMakeFiles/cmTC_155c7.dir/CheckSymbolExists.c.o   -c /root/packages/x265_3.2/source/CMakeFiles/CMakeTmp/CheckSymbolExists.c
Linking C executable cmTC_155c7
/usr/bin/cmake -E cmake_link_script CMakeFiles/cmTC_155c7.dir/link.txt --verbose=1
/usr/bin/clang-5.0  -fPIC     CMakeFiles/cmTC_155c7.dir/CheckSymbolExists.c.o  -o cmTC_155c7 -rdynamic 
make[1]: Leaving directory '/root/packages/x265_3.2/source/CMakeFiles/CMakeTmp'

File /root/packages/x265_3.2/source/CMakeFiles/CMakeTmp/CheckSymbolExists.c:
/* */
#include <string.h>

int main(int argc, char** argv)
{
  (void)argv;
#ifndef strtok_r
  return ((int*)(&strtok_r))[argc];
#else
  (void)argc;
  return 0;
#endif
}

Determining if files getopt.h exist passed with the following output:
Change Dir: /root/packages/x265_3.2/source/CMakeFiles/CMakeTmp

Run Build Command:"/usr/bin/make" "cmTC_24c19/fast"
/usr/bin/make -f CMakeFiles/cmTC_24c19.dir/build.make CMakeFiles/cmTC_24c19.dir/build
make[1]: Entering directory '/root/packages/x265_3.2/source/CMakeFiles/CMakeTmp'
Building C object CMakeFiles/cmTC_24c19.dir/CheckIncludeFiles.c.o
/usr/bin/clang-5.0    -fPIC    -o CMakeFiles/cmTC_24c19.dir/CheckIncludeFiles.c.o   -c /root/packages/x265_3.2/source/CMakeFiles/CMakeTmp/CheckIncludeFiles.c
Linking C executable cmTC_24c19
/usr/bin/cmake -E cmake_link_script CMakeFiles/cmTC_24c19.dir/link.txt --verbose=1
/usr/bin/clang-5.0  -fPIC     CMakeFiles/cmTC_24c19.dir/CheckIncludeFiles.c.o  -o cmTC_24c19 -rdynamic 
make[1]: Leaving directory '/root/packages/x265_3.2/source/CMakeFiles/CMakeTmp'


