This file contains any messages produced by compilers while
running configure, to aid debugging if configure makes a mistake.

It was created by Xvid configure 1.3.5, which was
generated by GNU Autoconf 2.69.  Invocation command line was

  $ ./configure --prefix=/root/workspace --disable-shared --enable-static CC=clang-5.0 CXX=clang++-5.0 CXXFLAGS=-fPIC LDFLAGS=-fPIC CFLAGS=-fPIC

## --------- ##
## Platform. ##
## --------- ##

hostname = VM-203e9172-5216-40e4-b951-08e5cdf0cd53
uname -m = x86_64
uname -r = 4.4.0-116-generic
uname -s = Linux
uname -v = #140-Ubuntu SMP Mon Feb 12 21:23:04 UTC 2018

/usr/bin/uname -p = unknown
/bin/uname -X     = unknown

/bin/arch              = unknown
/usr/bin/arch -k       = unknown
/usr/convex/getsysinfo = unknown
/usr/bin/hostinfo      = unknown
/bin/machine           = unknown
/usr/bin/oslevel       = unknown
/bin/universe          = unknown

PATH: /root/workspace/bin
PATH: /usr/local/sbin
PATH: /usr/local/bin
PATH: /usr/sbin
PATH: /usr/bin
PATH: /sbin
PATH: /bin
PATH: /usr/games
PATH: /usr/local/games


## ----------- ##
## Core tests. ##
## ----------- ##

configure:2391: checking build system type
configure:2405: result: x86_64-unknown-linux-gnu
configure:2425: checking host system type
configure:2438: result: x86_64-unknown-linux-gnu
configure:2458: checking target system type
configure:2471: result: x86_64-unknown-linux-gnu
configure:2499: checking whether to use default CFLAGS
configure:2507: result: no
configure:2559: checking for gcc
configure:2586: result: clang-5.0
configure:2815: checking for C compiler version
configure:2824: clang-5.0 --version >&5
clang version 5.0.0-3~16.04.1 (tags/RELEASE_500/final)
Target: x86_64-pc-linux-gnu
Thread model: posix
InstalledDir: /usr/bin
configure:2835: $? = 0
configure:2824: clang-5.0 -v >&5
clang version 5.0.0-3~16.04.1 (tags/RELEASE_500/final)
Target: x86_64-pc-linux-gnu
Thread model: posix
InstalledDir: /usr/bin
Found candidate GCC installation: /usr/bin/../lib/gcc/x86_64-linux-gnu/4.8
Found candidate GCC installation: /usr/bin/../lib/gcc/x86_64-linux-gnu/4.8.4
Found candidate GCC installation: /usr/bin/../lib/gcc/x86_64-linux-gnu/5
Found candidate GCC installation: /usr/bin/../lib/gcc/x86_64-linux-gnu/5.4.0
Found candidate GCC installation: /usr/bin/../lib/gcc/x86_64-linux-gnu/6
Found candidate GCC installation: /usr/bin/../lib/gcc/x86_64-linux-gnu/6.0.0
... rest of stderr output deleted ...
configure:2835: $? = 0
configure:2824: clang-5.0 -V >&5
clang: error: argument to '-V' is missing (expected 1 value)
clang: error: no input files
configure:2835: $? = 1
configure:2824: clang-5.0 -qversion >&5
clang: error: unknown argument: '-qversion'
clang: error: no input files
configure:2835: $? = 1
configure:2855: checking whether the C compiler works
configure:2877: clang-5.0 -fPIC  -fPIC conftest.c  >&5
configure:2881: $? = 0
configure:2929: result: yes
configure:2932: checking for C compiler default output file name
configure:2934: result: a.out
configure:2940: checking for suffix of executables
configure:2947: clang-5.0 -o conftest -fPIC  -fPIC conftest.c  >&5
configure:2951: $? = 0
configure:2973: result: 
configure:2995: checking whether we are cross compiling
configure:3003: clang-5.0 -o conftest -fPIC  -fPIC conftest.c  >&5
configure:3007: $? = 0
configure:3014: ./conftest
configure:3018: $? = 0
configure:3033: result: no
configure:3038: checking for suffix of object files
configure:3060: clang-5.0 -c -fPIC  conftest.c >&5
configure:3064: $? = 0
configure:3085: result: o
configure:3089: checking whether we are using the GNU C compiler
configure:3108: clang-5.0 -c -fPIC  conftest.c >&5
configure:3108: $? = 0
configure:3117: result: yes
configure:3126: checking whether clang-5.0 accepts -g
configure:3146: clang-5.0 -c -g  conftest.c >&5
configure:3146: $? = 0
configure:3187: result: yes
configure:3204: checking for clang-5.0 option to accept ISO C89
configure:3267: clang-5.0  -c -fPIC  conftest.c >&5
configure:3267: $? = 0
configure:3280: result: none needed
configure:3316: checking for a BSD-compatible install
configure:3384: result: /usr/bin/install -c
configure:3440: checking for ranlib
configure:3456: found /usr/bin/ranlib
configure:3467: result: ranlib
configure:3532: checking for ar
configure:3548: found /usr/bin/ar
configure:3559: result: ar
configure:3583: checking for grep that handles long lines and -e
configure:3641: result: /bin/grep
configure:3646: checking for egrep
configure:3708: result: /bin/grep -E
configure:3715: checking whether ln -s works
configure:3719: result: yes
configure:3731: checking for whether to use assembly code
configure:3734: result: yes
configure:3736: checking for architecture type
configure:3745: result: x86_64
configure:3779: checking how to run the C preprocessor
configure:3810: clang-5.0 -E  conftest.c
configure:3810: $? = 0
configure:3824: clang-5.0 -E  conftest.c
conftest.c:9:10: fatal error: 'ac_nonexistent.h' file not found
#include <ac_nonexistent.h>
         ^~~~~~~~~~~~~~~~~~
1 error generated.
configure:3824: $? = 1
configure: failed program was:
| /* confdefs.h */
| #define PACKAGE_NAME "Xvid"
| #define PACKAGE_TARNAME "xvid"
| #define PACKAGE_VERSION "1.3.5"
| #define PACKAGE_STRING "Xvid 1.3.5"
| #define PACKAGE_BUGREPORT "xvid-devel@xvid.org"
| #define PACKAGE_URL ""
| /* end confdefs.h.  */
| #include <ac_nonexistent.h>
configure:3849: result: clang-5.0 -E
configure:3869: clang-5.0 -E  conftest.c
configure:3869: $? = 0
configure:3883: clang-5.0 -E  conftest.c
conftest.c:9:10: fatal error: 'ac_nonexistent.h' file not found
#include <ac_nonexistent.h>
         ^~~~~~~~~~~~~~~~~~
1 error generated.
configure:3883: $? = 1
configure: failed program was:
| /* confdefs.h */
| #define PACKAGE_NAME "Xvid"
| #define PACKAGE_TARNAME "xvid"
| #define PACKAGE_VERSION "1.3.5"
| #define PACKAGE_STRING "Xvid 1.3.5"
| #define PACKAGE_BUGREPORT "xvid-devel@xvid.org"
| #define PACKAGE_URL ""
| /* end confdefs.h.  */
| #include <ac_nonexistent.h>
configure:3912: checking for ANSI C header files
configure:3932: clang-5.0 -c -fPIC  conftest.c >&5
configure:3932: $? = 0
configure:4005: clang-5.0 -o conftest -fPIC  -fPIC conftest.c  >&5
configure:4005: $? = 0
configure:4005: ./conftest
configure:4005: $? = 0
configure:4016: result: yes
configure:4029: checking for sys/types.h
configure:4029: clang-5.0 -c -fPIC  conftest.c >&5
configure:4029: $? = 0
configure:4029: result: yes
configure:4029: checking for sys/stat.h
configure:4029: clang-5.0 -c -fPIC  conftest.c >&5
configure:4029: $? = 0
configure:4029: result: yes
configure:4029: checking for stdlib.h
configure:4029: clang-5.0 -c -fPIC  conftest.c >&5
configure:4029: $? = 0
configure:4029: result: yes
configure:4029: checking for string.h
configure:4029: clang-5.0 -c -fPIC  conftest.c >&5
configure:4029: $? = 0
configure:4029: result: yes
configure:4029: checking for memory.h
configure:4029: clang-5.0 -c -fPIC  conftest.c >&5
configure:4029: $? = 0
configure:4029: result: yes
configure:4029: checking for strings.h
configure:4029: clang-5.0 -c -fPIC  conftest.c >&5
configure:4029: $? = 0
configure:4029: result: yes
configure:4029: checking for inttypes.h
configure:4029: clang-5.0 -c -fPIC  conftest.c >&5
configure:4029: $? = 0
configure:4029: result: yes
configure:4029: checking for stdint.h
configure:4029: clang-5.0 -c -fPIC  conftest.c >&5
configure:4029: $? = 0
configure:4029: result: yes
configure:4029: checking for unistd.h
configure:4029: clang-5.0 -c -fPIC  conftest.c >&5
configure:4029: $? = 0
configure:4029: result: yes
configure:4045: checking size of int *
configure:4050: clang-5.0 -o conftest -fPIC  -fPIC conftest.c  >&5
configure:4050: $? = 0
configure:4050: ./conftest
configure:4050: $? = 0
configure:4064: result: 8
configure:4088: checking whether byte ordering is bigendian
configure:4103: clang-5.0 -c -fPIC  conftest.c >&5
conftest.c:21:9: error: unknown type name 'not'
               not a universal capable compiler
               ^
conftest.c:21:14: error: expected ';' after top level declarator
               not a universal capable compiler
                    ^
                    ;
2 errors generated.
configure:4103: $? = 1
configure: failed program was:
| /* confdefs.h */
| #define PACKAGE_NAME "Xvid"
| #define PACKAGE_TARNAME "xvid"
| #define PACKAGE_VERSION "1.3.5"
| #define PACKAGE_STRING "Xvid 1.3.5"
| #define PACKAGE_BUGREPORT "xvid-devel@xvid.org"
| #define PACKAGE_URL ""
| #define STDC_HEADERS 1
| #define HAVE_SYS_TYPES_H 1
| #define HAVE_SYS_STAT_H 1
| #define HAVE_STDLIB_H 1
| #define HAVE_STRING_H 1
| #define HAVE_MEMORY_H 1
| #define HAVE_STRINGS_H 1
| #define HAVE_INTTYPES_H 1
| #define HAVE_STDINT_H 1
| #define HAVE_UNISTD_H 1
| #define SIZEOF_INT_P 8
| /* end confdefs.h.  */
| #ifndef __APPLE_CC__
| 	       not a universal capable compiler
| 	     #endif
| 	     typedef int dummy;
| 
configure:4148: clang-5.0 -c -fPIC  conftest.c >&5
configure:4148: $? = 0
configure:4166: clang-5.0 -c -fPIC  conftest.c >&5
conftest.c:27:4: error: use of undeclared identifier 'not'
                 not big endian
                 ^
1 error generated.
configure:4166: $? = 1
configure: failed program was:
| /* confdefs.h */
| #define PACKAGE_NAME "Xvid"
| #define PACKAGE_TARNAME "xvid"
| #define PACKAGE_VERSION "1.3.5"
| #define PACKAGE_STRING "Xvid 1.3.5"
| #define PACKAGE_BUGREPORT "xvid-devel@xvid.org"
| #define PACKAGE_URL ""
| #define STDC_HEADERS 1
| #define HAVE_SYS_TYPES_H 1
| #define HAVE_SYS_STAT_H 1
| #define HAVE_STDLIB_H 1
| #define HAVE_STRING_H 1
| #define HAVE_MEMORY_H 1
| #define HAVE_STRINGS_H 1
| #define HAVE_INTTYPES_H 1
| #define HAVE_STDINT_H 1
| #define HAVE_UNISTD_H 1
| #define SIZEOF_INT_P 8
| /* end confdefs.h.  */
| #include <sys/types.h>
| 		#include <sys/param.h>
| 
| int
| main ()
| {
| #if BYTE_ORDER != BIG_ENDIAN
| 		 not big endian
| 		#endif
| 
|   ;
|   return 0;
| }
configure:4294: result: no
configure:4313: checking for build extensions
configure:4320: result: .so .a .o
configure:4363: checking for platform specific LDFLAGS/CFLAGS
configure:4373: result: ok
configure:4464: checking for yasm
configure:4485: found /root/workspace/bin/yasm
configure:4509: result: yes
configure:4518: checking for yasm version
configure:4524: result: 1
configure:4617: checking for asm object format
configure:4622: result: elf64
configure:4790: checking stdio.h usability
configure:4790: clang-5.0 -c -fPIC  conftest.c >&5
configure:4790: $? = 0
configure:4790: result: yes
configure:4790: checking stdio.h presence
configure:4790: clang-5.0 -E  conftest.c
configure:4790: $? = 0
configure:4790: result: yes
configure:4790: checking for stdio.h
configure:4790: result: yes
configure:4790: checking signal.h usability
configure:4790: clang-5.0 -c -fPIC  conftest.c >&5
configure:4790: $? = 0
configure:4790: result: yes
configure:4790: checking signal.h presence
configure:4790: clang-5.0 -E  conftest.c
configure:4790: $? = 0
configure:4790: result: yes
configure:4790: checking for signal.h
configure:4790: result: yes
configure:4790: checking for stdlib.h
configure:4790: result: yes
configure:4790: checking for string.h
configure:4790: result: yes
configure:4790: checking assert.h usability
configure:4790: clang-5.0 -c -fPIC  conftest.c >&5
configure:4790: $? = 0
configure:4790: result: yes
configure:4790: checking assert.h presence
configure:4790: clang-5.0 -E  conftest.c
configure:4790: $? = 0
configure:4790: result: yes
configure:4790: checking for assert.h
configure:4790: result: yes
configure:4790: checking math.h usability
configure:4790: clang-5.0 -c -fPIC  conftest.c >&5
configure:4790: $? = 0
configure:4790: result: yes
configure:4790: checking math.h presence
configure:4790: clang-5.0 -E  conftest.c
configure:4790: $? = 0
configure:4790: result: yes
configure:4790: checking for math.h
configure:4790: result: yes
configure:4903: checking pthread.h usability
configure:4903: clang-5.0 -c -fPIC  conftest.c >&5
configure:4903: $? = 0
configure:4903: result: yes
configure:4903: checking pthread.h presence
configure:4903: clang-5.0 -E  conftest.c
configure:4903: $? = 0
configure:4903: result: yes
configure:4903: checking for pthread.h
configure:4903: result: yes
configure:4905: checking for pthread_create in -lpthread
configure:4930: clang-5.0 -o conftest -fPIC  -fPIC conftest.c -lpthread   >&5
configure:4930: $? = 0
configure:4939: result: yes
configure:5228: creating ./config.status

## ---------------------- ##
## Running config.status. ##
## ---------------------- ##

This file was extended by Xvid config.status 1.3.5, which was
generated by GNU Autoconf 2.69.  Invocation command line was

  CONFIG_FILES    = 
  CONFIG_HEADERS  = 
  CONFIG_LINKS    = 
  CONFIG_COMMANDS = 
  $ ./config.status 

on VM-203e9172-5216-40e4-b951-08e5cdf0cd53

config.status:770: creating platform.inc
configure:6235: WARNING: unrecognized options: --disable-shared, --enable-static

## ---------------- ##
## Cache variables. ##
## ---------------- ##

ac_cv_build=x86_64-unknown-linux-gnu
ac_cv_c_bigendian=no
ac_cv_c_compiler_gnu=yes
ac_cv_env_CC_set=set
ac_cv_env_CC_value=clang-5.0
ac_cv_env_CFLAGS_set=set
ac_cv_env_CFLAGS_value=-fPIC
ac_cv_env_CPPFLAGS_set=
ac_cv_env_CPPFLAGS_value=
ac_cv_env_CPP_set=
ac_cv_env_CPP_value=
ac_cv_env_LDFLAGS_set=set
ac_cv_env_LDFLAGS_value=-fPIC
ac_cv_env_LIBS_set=
ac_cv_env_LIBS_value=
ac_cv_env_build_alias_set=
ac_cv_env_build_alias_value=
ac_cv_env_host_alias_set=
ac_cv_env_host_alias_value=
ac_cv_env_target_alias_set=
ac_cv_env_target_alias_value=
ac_cv_header_assert_h=yes
ac_cv_header_inttypes_h=yes
ac_cv_header_math_h=yes
ac_cv_header_memory_h=yes
ac_cv_header_pthread_h=yes
ac_cv_header_signal_h=yes
ac_cv_header_stdc=yes
ac_cv_header_stdint_h=yes
ac_cv_header_stdio_h=yes
ac_cv_header_stdlib_h=yes
ac_cv_header_string_h=yes
ac_cv_header_strings_h=yes
ac_cv_header_sys_stat_h=yes
ac_cv_header_sys_types_h=yes
ac_cv_header_unistd_h=yes
ac_cv_host=x86_64-unknown-linux-gnu
ac_cv_lib_pthread_pthread_create=yes
ac_cv_objext=o
ac_cv_path_EGREP='/bin/grep -E'
ac_cv_path_GREP=/bin/grep
ac_cv_path_install='/usr/bin/install -c'
ac_cv_prog_CPP='clang-5.0 -E'
ac_cv_prog_ac_ct_AR=ar
ac_cv_prog_ac_ct_CC=clang-5.0
ac_cv_prog_ac_ct_RANLIB=ranlib
ac_cv_prog_ac_yasm=yes
ac_cv_prog_cc_c89=
ac_cv_prog_cc_g=yes
ac_cv_sizeof_int_p=8
ac_cv_target=x86_64-unknown-linux-gnu

## ----------------- ##
## Output variables. ##
## ----------------- ##

AFLAGS='-I$(<D)/ -I../../src/ -f elf64  -DMARK_FUNCS -DARCH_IS_X86_64'
ALTIVEC_CFLAGS=''
API_MAJOR='4'
API_MINOR='3'
AR='ar'
ARCHITECTURE='X86_64'
AS='yasm'
ASSEMBLY_EXTENSION='asm'
ASSEMBLY_SOURCES='SRC_X86_64'
BUS='64BIT'
CC='clang-5.0'
CFLAGS='-fPIC'
CPP='clang-5.0 -E'
CPPFLAGS=''
DCT_IA64_SOURCES=''
DEFS='-DPACKAGE_NAME=\"Xvid\" -DPACKAGE_TARNAME=\"xvid\" -DPACKAGE_VERSION=\"1.3.5\" -DPACKAGE_STRING=\"Xvid\ 1.3.5\" -DPACKAGE_BUGREPORT=\"xvid-devel@xvid.org\" -DPACKAGE_URL=\"\" -DSTDC_HEADERS=1 -DHAVE_SYS_TYPES_H=1 -DHAVE_SYS_STAT_H=1 -DHAVE_STDLIB_H=1 -DHAVE_STRING_H=1 -DHAVE_MEMORY_H=1 -DHAVE_STRINGS_H=1 -DHAVE_INTTYPES_H=1 -DHAVE_STDINT_H=1 -DHAVE_UNISTD_H=1 -DSIZEOF_INT_P=8 -DHAVE_STDIO_H=1 -DHAVE_SIGNAL_H=1 -DHAVE_STDLIB_H=1 -DHAVE_STRING_H=1 -DHAVE_ASSERT_H=1 -DHAVE_MATH_H=1'
ECHO_C=''
ECHO_N='-n'
ECHO_T=''
EGREP='/bin/grep -E'
ENDIANNESS='LITTLE_ENDIAN'
EXEEXT=''
FEATURES=''
GENERIC_SOURCES='SRC_GENERIC'
GREP='/bin/grep'
INSTALL_DATA='${INSTALL} -m 644'
INSTALL_PROGRAM='${INSTALL}'
INSTALL_SCRIPT='${INSTALL}'
LDFLAGS='-fPIC'
LIBOBJS=''
LIBS=''
LN_S='ln -s'
LTLIBOBJS=''
NASM_FORMAT='elf64'
OBJECT_EXTENSION='o'
OBJEXT='o'
PACKAGE_BUGREPORT='xvid-devel@xvid.org'
PACKAGE_NAME='Xvid'
PACKAGE_STRING='Xvid 1.3.5'
PACKAGE_TARNAME='xvid'
PACKAGE_URL=''
PACKAGE_VERSION='1.3.5'
PATH_SEPARATOR=':'
PPC_ALTIVEC_SOURCES=''
PRE_SHARED_LIB='libxvidcore.$(SHARED_EXTENSION).$(API_MAJOR).$(API_MINOR)'
RANLIB='ranlib'
SHARED_EXTENSION='so'
SHARED_LIB='libxvidcore.$(SHARED_EXTENSION).$(API_MAJOR).$(API_MINOR)'
SHELL='/bin/bash'
SO_API_MAJOR_LINK='libxvidcore.$(SHARED_EXTENSION).$(API_MAJOR)'
SO_LINK='libxvidcore.$(SHARED_EXTENSION)'
SPECIFIC_CFLAGS='-fPIC -DHAVE_PTHREAD'
SPECIFIC_LDFLAGS='-Wl,-soname,libxvidcore.$(SHARED_EXTENSION).$(API_MAJOR) -shared -Wl,--version-script=libxvidcore.ld -lc -lm -lpthread '
STATIC_EXTENSION='a'
STATIC_LIB='libxvidcore.$(STATIC_EXTENSION)'
ac_ct_CC='clang-5.0'
ac_nasm=''
ac_yasm='yes'
bindir='${exec_prefix}/bin'
build='x86_64-unknown-linux-gnu'
build_alias=''
build_cpu='x86_64'
build_os='linux-gnu'
build_vendor='unknown'
datadir='${datarootdir}'
datarootdir='${prefix}/share'
docdir='${datarootdir}/doc/${PACKAGE_TARNAME}'
dvidir='${docdir}'
exec_prefix='${prefix}'
host='x86_64-unknown-linux-gnu'
host_alias=''
host_cpu='x86_64'
host_os='linux-gnu'
host_vendor='unknown'
htmldir='${docdir}'
includedir='${prefix}/include'
infodir='${datarootdir}/info'
libdir='${exec_prefix}/lib'
libexecdir='${exec_prefix}/libexec'
localedir='${datarootdir}/locale'
localstatedir='${prefix}/var'
mandir='${datarootdir}/man'
oldincludedir='/usr/include'
pdfdir='${docdir}'
prefix='/root/workspace'
program_transform_name='s,x,x,'
psdir='${docdir}'
sbindir='${exec_prefix}/sbin'
sharedstatedir='${prefix}/com'
sysconfdir='${prefix}/etc'
target='x86_64-unknown-linux-gnu'
target_alias=''
target_cpu='x86_64'
target_os='linux-gnu'
target_vendor='unknown'

## ----------- ##
## confdefs.h. ##
## ----------- ##

/* confdefs.h */
#define PACKAGE_NAME "Xvid"
#define PACKAGE_TARNAME "xvid"
#define PACKAGE_VERSION "1.3.5"
#define PACKAGE_STRING "Xvid 1.3.5"
#define PACKAGE_BUGREPORT "xvid-devel@xvid.org"
#define PACKAGE_URL ""
#define STDC_HEADERS 1
#define HAVE_SYS_TYPES_H 1
#define HAVE_SYS_STAT_H 1
#define HAVE_STDLIB_H 1
#define HAVE_STRING_H 1
#define HAVE_MEMORY_H 1
#define HAVE_STRINGS_H 1
#define HAVE_INTTYPES_H 1
#define HAVE_STDINT_H 1
#define HAVE_UNISTD_H 1
#define SIZEOF_INT_P 8
#define HAVE_STDIO_H 1
#define HAVE_SIGNAL_H 1
#define HAVE_STDLIB_H 1
#define HAVE_STRING_H 1
#define HAVE_ASSERT_H 1
#define HAVE_MATH_H 1

configure: exit 0
